Godot Engine v4.4.1.stable.official.49a5bc7b6 - https://godotengine.org
Metal 2.4 - Forward+ - Using Device #0: Apple - Apple M1 (Apple7)
ERROR: Can't create shader cache folder, no shader caching will happen: user://
   at: RendererCompositorRD (servers/rendering/renderer_rd/renderer_compositor_rd.cpp:286)

ERROR: 'The local variable "dict_size" is declared but never used in the block. If this is intended, prefix it with an underscore: "_dict_size".'
ERROR: 'The local variable "data_size" is declared but never used in the block. If this is intended, prefix it with an underscore: "_data_size".'
ERROR: Cannot open file 'res://unique_resource/archer_animations.tres'.
   at: load (scene/resources/resource_format_text.cpp:1388)
ERROR: Failed loading resource: res://unique_resource/archer_animations.tres. Make sure resources have been imported by opening the project in the editor at least once.
   at: _load (core/io/resource_loader.cpp:344)
ERROR: Attempt to open script 'res://scripts/node/unit_animated_sprite.gd' resulted in error 'File not found'.
   at: load_source_code (modules/gdscript/gdscript.cpp:1115)
ERROR: Failed loading resource: res://scripts/node/unit_animated_sprite.gd. Make sure resources have been imported by opening the project in the editor at least once.
   at: _load (core/io/resource_loader.cpp:344)
ERROR: Cannot open file 'res://scenes/preview_layer.tscn'.
   at: load (scene/resources/resource_format_text.cpp:1388)
ERROR: Failed loading resource: res://scenes/preview_layer.tscn. Make sure resources have been imported by opening the project in the editor at least once.
   at: _load (core/io/resource_loader.cpp:344)
ERROR: res://scenes/units/unit.tscn:14 - Parse Error: [ext_resource] referenced non-existent resource at: res://unique_resource/archer_animations.tres.
   at: _printerr (scene/resources/resource_format_text.cpp:39)
ERROR: res://scenes/units/unit.tscn:17 - Parse Error: [ext_resource] referenced non-existent resource at: res://scripts/node/unit_animated_sprite.gd.
   at: _printerr (scene/resources/resource_format_text.cpp:39)
ERROR: res://scenes/units/unit.tscn:26 - Parse Error: [ext_resource] referenced non-existent resource at: res://scenes/preview_layer.tscn.
   at: _printerr (scene/resources/resource_format_text.cpp:39)
ERROR: Cannot open file 'res://scenes/unit.tscn'.
   at: load (scene/resources/resource_format_text.cpp:1388)
ERROR: Failed loading resource: res://scenes/unit.tscn. Make sure resources have been imported by opening the project in the editor at least once.
   at: _load (core/io/resource_loader.cpp:344)
ERROR: Attempt to open script 'res://scripts/node/enemy.gd' resulted in error 'File not found'.
   at: load_source_code (modules/gdscript/gdscript.cpp:1115)
ERROR: Failed loading resource: res://scripts/node/enemy.gd. Make sure resources have been imported by opening the project in the editor at least once.
   at: _load (core/io/resource_loader.cpp:344)
ERROR: Cannot open file 'res://unique_resource/enemy_unit.tres'.
   at: load (scene/resources/resource_format_text.cpp:1388)
ERROR: Failed loading resource: res://unique_resource/enemy_unit.tres. Make sure resources have been imported by opening the project in the editor at least once.
   at: _load (core/io/resource_loader.cpp:344)
ERROR: Cannot open file 'res://unique_resource/orc_animations.tres'.
   at: load (scene/resources/resource_format_text.cpp:1388)
ERROR: Failed loading resource: res://unique_resource/orc_animations.tres. Make sure resources have been imported by opening the project in the editor at least once.
   at: _load (core/io/resource_loader.cpp:344)
ERROR: res://scenes/units/enemy.tscn:8 - Parse Error: [ext_resource] referenced non-existent resource at: res://scenes/unit.tscn.
   at: _printerr (scene/resources/resource_format_text.cpp:39)
ERROR: res://scenes/units/enemy.tscn:8 - Parse Error: [ext_resource] referenced non-existent resource at: res://scenes/unit.tscn.
   at: _printerr (scene/resources/resource_format_text.cpp:39)
ERROR: Failed loading resource: res://scenes/units/enemy.tscn. Make sure resources have been imported by opening the project in the editor at least once.
   at: _load (core/io/resource_loader.cpp:344)

Debugger Break, Reason: 'Parser Error: Could not preload resource file "res://scenes/units/enemy.tscn".'
*Frame 0 - res://core/managers/spawner.gd:6 in function ''
Enter "help" for assistance.
debug> 